2023-05-15 20:05:602 INFO  LoginPage :41 - Enter userName field :[[ChromeDriver: chrome on WINDOWS (e696f0aac0fa57fa5cb19793ef13e944)] -> id: user-name][[ChromeDriver: chrome on WINDOWS (e696f0aac0fa57fa5cb19793ef13e944)] -> id: user-name]
2023-05-15 20:05:688 INFO  LoginPage :46 - Enter userName field :[[ChromeDriver: chrome on WINDOWS (e696f0aac0fa57fa5cb19793ef13e944)] -> id: password][[ChromeDriver: chrome on WINDOWS (e696f0aac0fa57fa5cb19793ef13e944)] -> id: password]
2023-05-15 20:05:814 INFO  LoginPage :52 - click on Login button[[ChromeDriver: chrome on WINDOWS (e696f0aac0fa57fa5cb19793ef13e944)] -> id: login-button]
2023-05-15 20:05:864 INFO  LoginPage :65 - click on Login button[[[ChromeDriver: chrome on WINDOWS (e696f0aac0fa57fa5cb19793ef13e944)] -> class name: inventory_item], [[ChromeDriver: chrome on WINDOWS (e696f0aac0fa57fa5cb19793ef13e944)] -> class name: inventory_item], [[ChromeDriver: chrome on WINDOWS (e696f0aac0fa57fa5cb19793ef13e944)] -> class name: inventory_item], [[ChromeDriver: chrome on WINDOWS (e696f0aac0fa57fa5cb19793ef13e944)] -> class name: inventory_item], [[ChromeDriver: chrome on WINDOWS (e696f0aac0fa57fa5cb19793ef13e944)] -> class name: inventory_item], [[ChromeDriver: chrome on WINDOWS (e696f0aac0fa57fa5cb19793ef13e944)] -> class name: inventory_item]]
2023-05-15 20:05:929 INFO  LoginPage :41 - Enter userName field :[[ChromeDriver: chrome on WINDOWS (735f269dc42d14970112d0f9766e2463)] -> id: user-name][[ChromeDriver: chrome on WINDOWS (735f269dc42d14970112d0f9766e2463)] -> id: user-name]
2023-05-15 20:05:998 INFO  LoginPage :46 - Enter userName field :[[ChromeDriver: chrome on WINDOWS (735f269dc42d14970112d0f9766e2463)] -> id: password][[ChromeDriver: chrome on WINDOWS (735f269dc42d14970112d0f9766e2463)] -> id: password]
2023-05-15 20:05:104 INFO  LoginPage :52 - click on Login button[[ChromeDriver: chrome on WINDOWS (735f269dc42d14970112d0f9766e2463)] -> id: login-button]
2023-05-15 20:05:140 INFO  LoginPage :57 - verify product text[[ChromeDriver: chrome on WINDOWS (735f269dc42d14970112d0f9766e2463)] -> xpath: //span[@class = 'title']]
2023-05-15 20:05:287 INFO  LoginPage :41 - Enter userName field :[[ChromeDriver: chrome on WINDOWS (01f594518937df7850b08a4c8ef82da7)] -> id: user-name][[ChromeDriver: chrome on WINDOWS (01f594518937df7850b08a4c8ef82da7)] -> id: user-name]
2023-05-15 20:05:360 INFO  LoginPage :46 - Enter userName field :[[ChromeDriver: chrome on WINDOWS (01f594518937df7850b08a4c8ef82da7)] -> id: password][[ChromeDriver: chrome on WINDOWS (01f594518937df7850b08a4c8ef82da7)] -> id: password]
2023-05-15 20:05:466 INFO  LoginPage :52 - click on Login button[[ChromeDriver: chrome on WINDOWS (01f594518937df7850b08a4c8ef82da7)] -> id: login-button]
2023-05-15 20:05:496 INFO  LoginPage :57 - verify product text[[ChromeDriver: chrome on WINDOWS (01f594518937df7850b08a4c8ef82da7)] -> xpath: //span[@class = 'title']]
2023-05-15 20:05:714 INFO  LoginPage :41 - Enter userName field :[[ChromeDriver: chrome on WINDOWS (02c0b2a7bbd1c6ba792a9b44f992bbdc)] -> id: user-name][[ChromeDriver: chrome on WINDOWS (02c0b2a7bbd1c6ba792a9b44f992bbdc)] -> id: user-name]
2023-05-15 20:05:786 INFO  LoginPage :46 - Enter userName field :[[ChromeDriver: chrome on WINDOWS (02c0b2a7bbd1c6ba792a9b44f992bbdc)] -> id: password][[ChromeDriver: chrome on WINDOWS (02c0b2a7bbd1c6ba792a9b44f992bbdc)] -> id: password]
2023-05-15 20:05:888 INFO  LoginPage :52 - click on Login button[[ChromeDriver: chrome on WINDOWS (02c0b2a7bbd1c6ba792a9b44f992bbdc)] -> id: login-button]
2023-05-15 20:05:927 INFO  LoginPage :65 - click on Login button[[[ChromeDriver: chrome on WINDOWS (02c0b2a7bbd1c6ba792a9b44f992bbdc)] -> class name: inventory_item], [[ChromeDriver: chrome on WINDOWS (02c0b2a7bbd1c6ba792a9b44f992bbdc)] -> class name: inventory_item], [[ChromeDriver: chrome on WINDOWS (02c0b2a7bbd1c6ba792a9b44f992bbdc)] -> class name: inventory_item], [[ChromeDriver: chrome on WINDOWS (02c0b2a7bbd1c6ba792a9b44f992bbdc)] -> class name: inventory_item], [[ChromeDriver: chrome on WINDOWS (02c0b2a7bbd1c6ba792a9b44f992bbdc)] -> class name: inventory_item], [[ChromeDriver: chrome on WINDOWS (02c0b2a7bbd1c6ba792a9b44f992bbdc)] -> class name: inventory_item]]
2023-05-15 20:05:227 INFO  LoginPage :41 - Enter userName field :[[ChromeDriver: chrome on WINDOWS (ebf9a0a339b6c2ca097dac506e5bd014)] -> id: user-name][[ChromeDriver: chrome on WINDOWS (ebf9a0a339b6c2ca097dac506e5bd014)] -> id: user-name]
2023-05-15 20:05:294 INFO  LoginPage :46 - Enter userName field :[[ChromeDriver: chrome on WINDOWS (ebf9a0a339b6c2ca097dac506e5bd014)] -> id: password][[ChromeDriver: chrome on WINDOWS (ebf9a0a339b6c2ca097dac506e5bd014)] -> id: password]
2023-05-15 20:05:400 INFO  LoginPage :52 - click on Login button[[ChromeDriver: chrome on WINDOWS (ebf9a0a339b6c2ca097dac506e5bd014)] -> id: login-button]
2023-05-15 20:05:418 INFO  LoginPage :57 - verify product text[[ChromeDriver: chrome on WINDOWS (ebf9a0a339b6c2ca097dac506e5bd014)] -> xpath: //span[@class = 'title']]
2023-05-15 22:05:785 INFO  LoginPage :39 - Enter userName field :[[ChromeDriver: chrome on WINDOWS (b13d6eee4618fcda4f27375353ba869d)] -> id: user-name][[ChromeDriver: chrome on WINDOWS (b13d6eee4618fcda4f27375353ba869d)] -> id: user-name]
2023-05-15 22:05:965 INFO  LoginPage :44 - Enter userName field :[[ChromeDriver: chrome on WINDOWS (b13d6eee4618fcda4f27375353ba869d)] -> id: password][[ChromeDriver: chrome on WINDOWS (b13d6eee4618fcda4f27375353ba869d)] -> id: password]
2023-05-15 22:05:213 INFO  LoginPage :50 - click on Login button[[ChromeDriver: chrome on WINDOWS (b13d6eee4618fcda4f27375353ba869d)] -> id: login-button]
2023-05-15 22:05:398 INFO  LoginPage :55 - verify product text[[ChromeDriver: chrome on WINDOWS (b13d6eee4618fcda4f27375353ba869d)] -> xpath: //span[@class = 'title']]
2023-05-15 22:05:226 INFO  LoginPage :39 - Enter userName field :[[ChromeDriver: chrome on WINDOWS (5e383c2e4efe321d53f0eaafbcfd6399)] -> id: user-name][[ChromeDriver: chrome on WINDOWS (5e383c2e4efe321d53f0eaafbcfd6399)] -> id: user-name]
2023-05-15 22:05:519 INFO  LoginPage :44 - Enter userName field :[[ChromeDriver: chrome on WINDOWS (5e383c2e4efe321d53f0eaafbcfd6399)] -> id: password][[ChromeDriver: chrome on WINDOWS (5e383c2e4efe321d53f0eaafbcfd6399)] -> id: password]
2023-05-15 22:05:832 INFO  LoginPage :50 - click on Login button[[ChromeDriver: chrome on WINDOWS (5e383c2e4efe321d53f0eaafbcfd6399)] -> id: login-button]
2023-05-15 22:05:940 INFO  LoginPage :63 - click on Login button[[[ChromeDriver: chrome on WINDOWS (5e383c2e4efe321d53f0eaafbcfd6399)] -> class name: inventory_item], [[ChromeDriver: chrome on WINDOWS (5e383c2e4efe321d53f0eaafbcfd6399)] -> class name: inventory_item], [[ChromeDriver: chrome on WINDOWS (5e383c2e4efe321d53f0eaafbcfd6399)] -> class name: inventory_item], [[ChromeDriver: chrome on WINDOWS (5e383c2e4efe321d53f0eaafbcfd6399)] -> class name: inventory_item], [[ChromeDriver: chrome on WINDOWS (5e383c2e4efe321d53f0eaafbcfd6399)] -> class name: inventory_item], [[ChromeDriver: chrome on WINDOWS (5e383c2e4efe321d53f0eaafbcfd6399)] -> class name: inventory_item]]
2023-05-15 22:05:86 INFO  LoginPage :39 - Enter userName field :[[ChromeDriver: chrome on WINDOWS (9e700cc0ccf92ee56f2d2419ba2b3a57)] -> id: user-name][[ChromeDriver: chrome on WINDOWS (9e700cc0ccf92ee56f2d2419ba2b3a57)] -> id: user-name]
2023-05-15 22:05:230 INFO  LoginPage :44 - Enter userName field :[[ChromeDriver: chrome on WINDOWS (9e700cc0ccf92ee56f2d2419ba2b3a57)] -> id: password][[ChromeDriver: chrome on WINDOWS (9e700cc0ccf92ee56f2d2419ba2b3a57)] -> id: password]
2023-05-15 22:05:412 INFO  LoginPage :50 - click on Login button[[ChromeDriver: chrome on WINDOWS (9e700cc0ccf92ee56f2d2419ba2b3a57)] -> id: login-button]
2023-05-15 22:05:470 INFO  LoginPage :55 - verify product text[[ChromeDriver: chrome on WINDOWS (9e700cc0ccf92ee56f2d2419ba2b3a57)] -> xpath: //span[@class = 'title']]
2023-05-15 22:05:74 INFO  LoginPage :39 - Enter userName field :[[ChromeDriver: chrome on WINDOWS (5a307bff9d8405ec20ae1d2b08d7e66b)] -> id: user-name][[ChromeDriver: chrome on WINDOWS (5a307bff9d8405ec20ae1d2b08d7e66b)] -> id: user-name]
2023-05-15 22:05:215 INFO  LoginPage :44 - Enter userName field :[[ChromeDriver: chrome on WINDOWS (5a307bff9d8405ec20ae1d2b08d7e66b)] -> id: password][[ChromeDriver: chrome on WINDOWS (5a307bff9d8405ec20ae1d2b08d7e66b)] -> id: password]
2023-05-15 22:05:406 INFO  LoginPage :50 - click on Login button[[ChromeDriver: chrome on WINDOWS (5a307bff9d8405ec20ae1d2b08d7e66b)] -> id: login-button]
2023-05-15 22:05:460 INFO  LoginPage :63 - click on Login button[[[ChromeDriver: chrome on WINDOWS (5a307bff9d8405ec20ae1d2b08d7e66b)] -> class name: inventory_item], [[ChromeDriver: chrome on WINDOWS (5a307bff9d8405ec20ae1d2b08d7e66b)] -> class name: inventory_item], [[ChromeDriver: chrome on WINDOWS (5a307bff9d8405ec20ae1d2b08d7e66b)] -> class name: inventory_item], [[ChromeDriver: chrome on WINDOWS (5a307bff9d8405ec20ae1d2b08d7e66b)] -> class name: inventory_item], [[ChromeDriver: chrome on WINDOWS (5a307bff9d8405ec20ae1d2b08d7e66b)] -> class name: inventory_item], [[ChromeDriver: chrome on WINDOWS (5a307bff9d8405ec20ae1d2b08d7e66b)] -> class name: inventory_item]]
2023-05-15 22:05:483 INFO  LoginPage :39 - Enter userName field :[[ChromeDriver: chrome on WINDOWS (35fdd5509034e4e3402e19cb64d6480d)] -> id: user-name][[ChromeDriver: chrome on WINDOWS (35fdd5509034e4e3402e19cb64d6480d)] -> id: user-name]
2023-05-15 22:05:663 INFO  LoginPage :44 - Enter userName field :[[ChromeDriver: chrome on WINDOWS (35fdd5509034e4e3402e19cb64d6480d)] -> id: password][[ChromeDriver: chrome on WINDOWS (35fdd5509034e4e3402e19cb64d6480d)] -> id: password]
2023-05-15 22:05:910 INFO  LoginPage :50 - click on Login button[[ChromeDriver: chrome on WINDOWS (35fdd5509034e4e3402e19cb64d6480d)] -> id: login-button]
2023-05-15 22:05:960 INFO  LoginPage :55 - verify product text[[ChromeDriver: chrome on WINDOWS (35fdd5509034e4e3402e19cb64d6480d)] -> xpath: //span[@class = 'title']]
2023-05-15 22:05:294 INFO  LoginPage :39 - Enter userName field :[[ChromeDriver: chrome on WINDOWS (9f3c4ed1ae26961caa730f803686e76e)] -> id: user-name][[ChromeDriver: chrome on WINDOWS (9f3c4ed1ae26961caa730f803686e76e)] -> id: user-name]
2023-05-15 22:05:468 INFO  LoginPage :44 - Enter userName field :[[ChromeDriver: chrome on WINDOWS (9f3c4ed1ae26961caa730f803686e76e)] -> id: password][[ChromeDriver: chrome on WINDOWS (9f3c4ed1ae26961caa730f803686e76e)] -> id: password]
2023-05-15 22:05:694 INFO  LoginPage :50 - click on Login button[[ChromeDriver: chrome on WINDOWS (9f3c4ed1ae26961caa730f803686e76e)] -> id: login-button]
2023-05-15 22:05:770 INFO  LoginPage :63 - click on Login button[[[ChromeDriver: chrome on WINDOWS (9f3c4ed1ae26961caa730f803686e76e)] -> class name: inventory_item], [[ChromeDriver: chrome on WINDOWS (9f3c4ed1ae26961caa730f803686e76e)] -> class name: inventory_item], [[ChromeDriver: chrome on WINDOWS (9f3c4ed1ae26961caa730f803686e76e)] -> class name: inventory_item], [[ChromeDriver: chrome on WINDOWS (9f3c4ed1ae26961caa730f803686e76e)] -> class name: inventory_item], [[ChromeDriver: chrome on WINDOWS (9f3c4ed1ae26961caa730f803686e76e)] -> class name: inventory_item], [[ChromeDriver: chrome on WINDOWS (9f3c4ed1ae26961caa730f803686e76e)] -> class name: inventory_item]]
2023-05-15 22:05:107 INFO  LoginPage :39 - Enter userName field :[[ChromeDriver: chrome on WINDOWS (9a7a01234836d8d357f5f8674528f11b)] -> id: user-name][[ChromeDriver: chrome on WINDOWS (9a7a01234836d8d357f5f8674528f11b)] -> id: user-name]
2023-05-15 22:05:213 INFO  LoginPage :44 - Enter userName field :[[ChromeDriver: chrome on WINDOWS (9a7a01234836d8d357f5f8674528f11b)] -> id: password][[ChromeDriver: chrome on WINDOWS (9a7a01234836d8d357f5f8674528f11b)] -> id: password]
2023-05-15 22:05:346 INFO  LoginPage :50 - click on Login button[[ChromeDriver: chrome on WINDOWS (9a7a01234836d8d357f5f8674528f11b)] -> id: login-button]
2023-05-15 22:05:378 INFO  LoginPage :55 - verify product text[[ChromeDriver: chrome on WINDOWS (9a7a01234836d8d357f5f8674528f11b)] -> xpath: //span[@class = 'title']]
2023-05-15 22:05:806 INFO  LoginPage :39 - Enter userName field :[[ChromeDriver: chrome on WINDOWS (b164650b8b60e42a8bf5e676ea1cb1e3)] -> id: user-name][[ChromeDriver: chrome on WINDOWS (b164650b8b60e42a8bf5e676ea1cb1e3)] -> id: user-name]
2023-05-15 22:05:897 INFO  LoginPage :44 - Enter userName field :[[ChromeDriver: chrome on WINDOWS (b164650b8b60e42a8bf5e676ea1cb1e3)] -> id: password][[ChromeDriver: chrome on WINDOWS (b164650b8b60e42a8bf5e676ea1cb1e3)] -> id: password]
2023-05-15 22:05:37 INFO  LoginPage :50 - click on Login button[[ChromeDriver: chrome on WINDOWS (b164650b8b60e42a8bf5e676ea1cb1e3)] -> id: login-button]
2023-05-15 22:05:83 INFO  LoginPage :63 - click on Login button[[[ChromeDriver: chrome on WINDOWS (b164650b8b60e42a8bf5e676ea1cb1e3)] -> class name: inventory_item], [[ChromeDriver: chrome on WINDOWS (b164650b8b60e42a8bf5e676ea1cb1e3)] -> class name: inventory_item], [[ChromeDriver: chrome on WINDOWS (b164650b8b60e42a8bf5e676ea1cb1e3)] -> class name: inventory_item], [[ChromeDriver: chrome on WINDOWS (b164650b8b60e42a8bf5e676ea1cb1e3)] -> class name: inventory_item], [[ChromeDriver: chrome on WINDOWS (b164650b8b60e42a8bf5e676ea1cb1e3)] -> class name: inventory_item], [[ChromeDriver: chrome on WINDOWS (b164650b8b60e42a8bf5e676ea1cb1e3)] -> class name: inventory_item]]
2023-05-16 17:05:367 INFO  LoginPage :39 - Enter userName field :[[ChromeDriver: chrome on WINDOWS (b6b15a54004f9bdcbceda245d2abdae0)] -> id: user-name][[ChromeDriver: chrome on WINDOWS (b6b15a54004f9bdcbceda245d2abdae0)] -> id: user-name]
2023-05-16 17:05:447 INFO  LoginPage :44 - Enter userName field :[[ChromeDriver: chrome on WINDOWS (b6b15a54004f9bdcbceda245d2abdae0)] -> id: password][[ChromeDriver: chrome on WINDOWS (b6b15a54004f9bdcbceda245d2abdae0)] -> id: password]
2023-05-16 17:05:573 INFO  LoginPage :50 - click on Login button[[ChromeDriver: chrome on WINDOWS (b6b15a54004f9bdcbceda245d2abdae0)] -> id: login-button]
2023-05-16 17:05:598 INFO  LoginPage :55 - verify product text[[ChromeDriver: chrome on WINDOWS (b6b15a54004f9bdcbceda245d2abdae0)] -> xpath: //span[@class = 'title']]
2023-05-16 17:05:75 INFO  LoginPage :39 - Enter userName field :[[ChromeDriver: chrome on WINDOWS (702bb732f9742355be3a195d8e0f03e2)] -> id: user-name][[ChromeDriver: chrome on WINDOWS (702bb732f9742355be3a195d8e0f03e2)] -> id: user-name]
2023-05-16 17:05:147 INFO  LoginPage :44 - Enter userName field :[[ChromeDriver: chrome on WINDOWS (702bb732f9742355be3a195d8e0f03e2)] -> id: password][[ChromeDriver: chrome on WINDOWS (702bb732f9742355be3a195d8e0f03e2)] -> id: password]
2023-05-16 17:05:246 INFO  LoginPage :50 - click on Login button[[ChromeDriver: chrome on WINDOWS (702bb732f9742355be3a195d8e0f03e2)] -> id: login-button]
2023-05-16 17:05:269 INFO  LoginPage :63 - click on Login button[[[ChromeDriver: chrome on WINDOWS (702bb732f9742355be3a195d8e0f03e2)] -> class name: inventory_item], [[ChromeDriver: chrome on WINDOWS (702bb732f9742355be3a195d8e0f03e2)] -> class name: inventory_item], [[ChromeDriver: chrome on WINDOWS (702bb732f9742355be3a195d8e0f03e2)] -> class name: inventory_item], [[ChromeDriver: chrome on WINDOWS (702bb732f9742355be3a195d8e0f03e2)] -> class name: inventory_item], [[ChromeDriver: chrome on WINDOWS (702bb732f9742355be3a195d8e0f03e2)] -> class name: inventory_item], [[ChromeDriver: chrome on WINDOWS (702bb732f9742355be3a195d8e0f03e2)] -> class name: inventory_item]]
2023-05-16 17:05:618 INFO  LoginPage :39 - Enter userName field :[[ChromeDriver: chrome on WINDOWS (30cca6da4550ecb33c620142f0c70d85)] -> id: user-name][[ChromeDriver: chrome on WINDOWS (30cca6da4550ecb33c620142f0c70d85)] -> id: user-name]
2023-05-16 17:05:700 INFO  LoginPage :44 - Enter userName field :[[ChromeDriver: chrome on WINDOWS (30cca6da4550ecb33c620142f0c70d85)] -> id: password][[ChromeDriver: chrome on WINDOWS (30cca6da4550ecb33c620142f0c70d85)] -> id: password]
2023-05-16 17:05:797 INFO  LoginPage :50 - click on Login button[[ChromeDriver: chrome on WINDOWS (30cca6da4550ecb33c620142f0c70d85)] -> id: login-button]
2023-05-16 17:05:824 INFO  LoginPage :63 - click on Login button[[[ChromeDriver: chrome on WINDOWS (30cca6da4550ecb33c620142f0c70d85)] -> class name: inventory_item], [[ChromeDriver: chrome on WINDOWS (30cca6da4550ecb33c620142f0c70d85)] -> class name: inventory_item], [[ChromeDriver: chrome on WINDOWS (30cca6da4550ecb33c620142f0c70d85)] -> class name: inventory_item], [[ChromeDriver: chrome on WINDOWS (30cca6da4550ecb33c620142f0c70d85)] -> class name: inventory_item], [[ChromeDriver: chrome on WINDOWS (30cca6da4550ecb33c620142f0c70d85)] -> class name: inventory_item], [[ChromeDriver: chrome on WINDOWS (30cca6da4550ecb33c620142f0c70d85)] -> class name: inventory_item]]
2023-05-16 17:05:474 INFO  LoginPage :39 - Enter userName field :[[ChromeDriver: chrome on WINDOWS (0c9629adee137d6602e2db24247fad5f)] -> id: user-name][[ChromeDriver: chrome on WINDOWS (0c9629adee137d6602e2db24247fad5f)] -> id: user-name]
2023-05-16 17:05:565 INFO  LoginPage :44 - Enter userName field :[[ChromeDriver: chrome on WINDOWS (0c9629adee137d6602e2db24247fad5f)] -> id: password][[ChromeDriver: chrome on WINDOWS (0c9629adee137d6602e2db24247fad5f)] -> id: password]
2023-05-16 17:05:669 INFO  LoginPage :50 - click on Login button[[ChromeDriver: chrome on WINDOWS (0c9629adee137d6602e2db24247fad5f)] -> id: login-button]
2023-05-16 17:05:698 INFO  LoginPage :55 - verify product text[[ChromeDriver: chrome on WINDOWS (0c9629adee137d6602e2db24247fad5f)] -> xpath: //span[@class = 'title']]
2023-05-16 17:05:272 INFO  LoginPage :39 - Enter userName field :[[ChromeDriver: chrome on WINDOWS (7a9bfd1fc4478d484b88fa796facdc02)] -> id: user-name][[ChromeDriver: chrome on WINDOWS (7a9bfd1fc4478d484b88fa796facdc02)] -> id: user-name]
2023-05-16 17:05:346 INFO  LoginPage :44 - Enter userName field :[[ChromeDriver: chrome on WINDOWS (7a9bfd1fc4478d484b88fa796facdc02)] -> id: password][[ChromeDriver: chrome on WINDOWS (7a9bfd1fc4478d484b88fa796facdc02)] -> id: password]
2023-05-16 17:05:462 INFO  LoginPage :50 - click on Login button[[ChromeDriver: chrome on WINDOWS (7a9bfd1fc4478d484b88fa796facdc02)] -> id: login-button]
2023-05-16 17:05:500 INFO  LoginPage :55 - verify product text[[ChromeDriver: chrome on WINDOWS (7a9bfd1fc4478d484b88fa796facdc02)] -> xpath: //span[@class = 'title']]
2023-05-16 17:05:686 INFO  LoginPage :39 - Enter userName field :[[ChromeDriver: chrome on WINDOWS (8d8b47a5859b19a9e1c042c3d37ab2cd)] -> id: user-name][[ChromeDriver: chrome on WINDOWS (8d8b47a5859b19a9e1c042c3d37ab2cd)] -> id: user-name]
2023-05-16 17:05:761 INFO  LoginPage :44 - Enter userName field :[[ChromeDriver: chrome on WINDOWS (8d8b47a5859b19a9e1c042c3d37ab2cd)] -> id: password][[ChromeDriver: chrome on WINDOWS (8d8b47a5859b19a9e1c042c3d37ab2cd)] -> id: password]
2023-05-16 17:05:858 INFO  LoginPage :50 - click on Login button[[ChromeDriver: chrome on WINDOWS (8d8b47a5859b19a9e1c042c3d37ab2cd)] -> id: login-button]
2023-05-16 17:05:891 INFO  LoginPage :63 - click on Login button[[[ChromeDriver: chrome on WINDOWS (8d8b47a5859b19a9e1c042c3d37ab2cd)] -> class name: inventory_item], [[ChromeDriver: chrome on WINDOWS (8d8b47a5859b19a9e1c042c3d37ab2cd)] -> class name: inventory_item], [[ChromeDriver: chrome on WINDOWS (8d8b47a5859b19a9e1c042c3d37ab2cd)] -> class name: inventory_item], [[ChromeDriver: chrome on WINDOWS (8d8b47a5859b19a9e1c042c3d37ab2cd)] -> class name: inventory_item], [[ChromeDriver: chrome on WINDOWS (8d8b47a5859b19a9e1c042c3d37ab2cd)] -> class name: inventory_item], [[ChromeDriver: chrome on WINDOWS (8d8b47a5859b19a9e1c042c3d37ab2cd)] -> class name: inventory_item]]
2023-05-16 17:05:862 INFO  LoginPage :39 - Enter userName field :[[ChromeDriver: chrome on WINDOWS (b8c972f10a6826e753638940efe0cd4a)] -> id: user-name][[ChromeDriver: chrome on WINDOWS (b8c972f10a6826e753638940efe0cd4a)] -> id: user-name]
2023-05-16 17:05:943 INFO  LoginPage :44 - Enter userName field :[[ChromeDriver: chrome on WINDOWS (b8c972f10a6826e753638940efe0cd4a)] -> id: password][[ChromeDriver: chrome on WINDOWS (b8c972f10a6826e753638940efe0cd4a)] -> id: password]
2023-05-16 17:05:49 INFO  LoginPage :50 - click on Login button[[ChromeDriver: chrome on WINDOWS (b8c972f10a6826e753638940efe0cd4a)] -> id: login-button]
2023-05-16 17:05:88 INFO  LoginPage :63 - click on Login button[[[ChromeDriver: chrome on WINDOWS (b8c972f10a6826e753638940efe0cd4a)] -> class name: inventory_item], [[ChromeDriver: chrome on WINDOWS (b8c972f10a6826e753638940efe0cd4a)] -> class name: inventory_item], [[ChromeDriver: chrome on WINDOWS (b8c972f10a6826e753638940efe0cd4a)] -> class name: inventory_item], [[ChromeDriver: chrome on WINDOWS (b8c972f10a6826e753638940efe0cd4a)] -> class name: inventory_item], [[ChromeDriver: chrome on WINDOWS (b8c972f10a6826e753638940efe0cd4a)] -> class name: inventory_item], [[ChromeDriver: chrome on WINDOWS (b8c972f10a6826e753638940efe0cd4a)] -> class name: inventory_item]]
2023-05-16 17:05:207 INFO  LoginPage :39 - Enter userName field :[[ChromeDriver: chrome on WINDOWS (3166d27ace3576fab445e49978531647)] -> id: user-name][[ChromeDriver: chrome on WINDOWS (3166d27ace3576fab445e49978531647)] -> id: user-name]
2023-05-16 17:05:296 INFO  LoginPage :44 - Enter userName field :[[ChromeDriver: chrome on WINDOWS (3166d27ace3576fab445e49978531647)] -> id: password][[ChromeDriver: chrome on WINDOWS (3166d27ace3576fab445e49978531647)] -> id: password]
2023-05-16 17:05:422 INFO  LoginPage :50 - click on Login button[[ChromeDriver: chrome on WINDOWS (3166d27ace3576fab445e49978531647)] -> id: login-button]
2023-05-16 17:05:464 INFO  LoginPage :63 - click on Login button[[[ChromeDriver: chrome on WINDOWS (3166d27ace3576fab445e49978531647)] -> class name: inventory_item], [[ChromeDriver: chrome on WINDOWS (3166d27ace3576fab445e49978531647)] -> class name: inventory_item], [[ChromeDriver: chrome on WINDOWS (3166d27ace3576fab445e49978531647)] -> class name: inventory_item], [[ChromeDriver: chrome on WINDOWS (3166d27ace3576fab445e49978531647)] -> class name: inventory_item], [[ChromeDriver: chrome on WINDOWS (3166d27ace3576fab445e49978531647)] -> class name: inventory_item], [[ChromeDriver: chrome on WINDOWS (3166d27ace3576fab445e49978531647)] -> class name: inventory_item]]
2023-05-16 17:05:847 INFO  LoginPage :38 - Enter userName field :[[ChromeDriver: chrome on WINDOWS (0451741115eaee7cc14008b41b99d18a)] -> id: user-name][[ChromeDriver: chrome on WINDOWS (0451741115eaee7cc14008b41b99d18a)] -> id: user-name]
2023-05-16 17:05:920 INFO  LoginPage :42 - Enter userName field :[[ChromeDriver: chrome on WINDOWS (0451741115eaee7cc14008b41b99d18a)] -> id: password][[ChromeDriver: chrome on WINDOWS (0451741115eaee7cc14008b41b99d18a)] -> id: password]
2023-05-16 17:05:13 INFO  LoginPage :47 - click on Login button[[ChromeDriver: chrome on WINDOWS (0451741115eaee7cc14008b41b99d18a)] -> id: login-button]
2023-05-16 17:05:38 INFO  LoginPage :51 - verify product text[[ChromeDriver: chrome on WINDOWS (0451741115eaee7cc14008b41b99d18a)] -> xpath: //span[@class = 'title']]
2023-05-16 17:05:816 INFO  LoginPage :38 - Enter userName field :[[ChromeDriver: chrome on WINDOWS (9b85f18a8d161e5b283b8044038eebcf)] -> id: user-name][[ChromeDriver: chrome on WINDOWS (9b85f18a8d161e5b283b8044038eebcf)] -> id: user-name]
2023-05-16 17:05:892 INFO  LoginPage :42 - Enter userName field :[[ChromeDriver: chrome on WINDOWS (9b85f18a8d161e5b283b8044038eebcf)] -> id: password][[ChromeDriver: chrome on WINDOWS (9b85f18a8d161e5b283b8044038eebcf)] -> id: password]
2023-05-16 17:05:988 INFO  LoginPage :47 - click on Login button[[ChromeDriver: chrome on WINDOWS (9b85f18a8d161e5b283b8044038eebcf)] -> id: login-button]
2023-05-16 17:05:10 INFO  LoginPage :58 - click on Login button[[[ChromeDriver: chrome on WINDOWS (9b85f18a8d161e5b283b8044038eebcf)] -> class name: inventory_item], [[ChromeDriver: chrome on WINDOWS (9b85f18a8d161e5b283b8044038eebcf)] -> class name: inventory_item], [[ChromeDriver: chrome on WINDOWS (9b85f18a8d161e5b283b8044038eebcf)] -> class name: inventory_item], [[ChromeDriver: chrome on WINDOWS (9b85f18a8d161e5b283b8044038eebcf)] -> class name: inventory_item], [[ChromeDriver: chrome on WINDOWS (9b85f18a8d161e5b283b8044038eebcf)] -> class name: inventory_item], [[ChromeDriver: chrome on WINDOWS (9b85f18a8d161e5b283b8044038eebcf)] -> class name: inventory_item]]
2023-05-16 17:05:863 INFO  LoginPage :38 - Enter userName field :[[ChromeDriver: chrome on WINDOWS (7a06a57a6bd1336081c083716191ad8d)] -> id: user-name][[ChromeDriver: chrome on WINDOWS (7a06a57a6bd1336081c083716191ad8d)] -> id: user-name]
2023-05-16 17:05:948 INFO  LoginPage :42 - Enter userName field :[[ChromeDriver: chrome on WINDOWS (7a06a57a6bd1336081c083716191ad8d)] -> id: password][[ChromeDriver: chrome on WINDOWS (7a06a57a6bd1336081c083716191ad8d)] -> id: password]
2023-05-16 17:05:72 INFO  LoginPage :47 - click on Login button[[ChromeDriver: chrome on WINDOWS (7a06a57a6bd1336081c083716191ad8d)] -> id: login-button]
2023-05-16 17:05:121 INFO  LoginPage :58 - click on Login button[[[ChromeDriver: chrome on WINDOWS (7a06a57a6bd1336081c083716191ad8d)] -> class name: inventory_item], [[ChromeDriver: chrome on WINDOWS (7a06a57a6bd1336081c083716191ad8d)] -> class name: inventory_item], [[ChromeDriver: chrome on WINDOWS (7a06a57a6bd1336081c083716191ad8d)] -> class name: inventory_item], [[ChromeDriver: chrome on WINDOWS (7a06a57a6bd1336081c083716191ad8d)] -> class name: inventory_item], [[ChromeDriver: chrome on WINDOWS (7a06a57a6bd1336081c083716191ad8d)] -> class name: inventory_item], [[ChromeDriver: chrome on WINDOWS (7a06a57a6bd1336081c083716191ad8d)] -> class name: inventory_item]]
